2018-10-04 02:43:35 Error: [MissingViewException] View file "Posts/index.ctp" is missing.
Exception Attributes: array (
  'file' => 'Posts/index.ctp',
)
Request URL: /cake2tutorial/cakephp-2.10.12/posts?url=posts
Stack Trace:
#0 /Applications/MAMP/htdocs/cake2tutorial/cakephp-2.10.12/lib/Cake/View/View.php(470): View->_getViewFileName('Posts/index')
#1 /Applications/MAMP/htdocs/cake2tutorial/cakephp-2.10.12/lib/Cake/Controller/Controller.php(963): View->render(NULL, NULL)
#2 /Applications/MAMP/htdocs/cake2tutorial/cakephp-2.10.12/lib/Cake/Routing/Dispatcher.php(200): Controller->render()
#3 /Applications/MAMP/htdocs/cake2tutorial/cakephp-2.10.12/lib/Cake/Routing/Dispatcher.php(167): Dispatcher->_invoke(Object(PostsController), Object(CakeRequest))
#4 /Applications/MAMP/htdocs/cake2tutorial/cakephp-2.10.12/app/webroot/index.php(117): Dispatcher->dispatch(Object(CakeRequest), Object(CakeResponse))
#5 {main}
2018-10-04 02:43:40 Error: [MissingControllerException] Controller class PostController could not be found.
Exception Attributes: array (
  'class' => 'PostController',
  'plugin' => NULL,
)
Request URL: /cake2tutorial/cakephp-2.10.12/post?url=post
Stack Trace:
#0 /Applications/MAMP/htdocs/cake2tutorial/cakephp-2.10.12/app/webroot/index.php(117): Dispatcher->dispatch(Object(CakeRequest), Object(CakeResponse))
#1 {main}
2018-10-04 03:31:16 Error: [MissingViewException] View file "Posts/index.ctp" is missing.
Exception Attributes: array (
  'file' => 'Posts/index.ctp',
)
Request URL: /cake2tutorial/cakephp-2.10.12/posts?url=posts
Stack Trace:
#0 /Applications/MAMP/htdocs/cake2tutorial/cakephp-2.10.12/lib/Cake/View/View.php(470): View->_getViewFileName('Posts/index')
#1 /Applications/MAMP/htdocs/cake2tutorial/cakephp-2.10.12/lib/Cake/Controller/Controller.php(963): View->render(NULL, NULL)
#2 /Applications/MAMP/htdocs/cake2tutorial/cakephp-2.10.12/lib/Cake/Routing/Dispatcher.php(200): Controller->render()
#3 /Applications/MAMP/htdocs/cake2tutorial/cakephp-2.10.12/lib/Cake/Routing/Dispatcher.php(167): Dispatcher->_invoke(Object(PostsController), Object(CakeRequest))
#4 /Applications/MAMP/htdocs/cake2tutorial/cakephp-2.10.12/app/webroot/index.php(117): Dispatcher->dispatch(Object(CakeRequest), Object(CakeResponse))
#5 {main}
2018-10-04 03:35:54 Error: [MissingActionException] Action PostsController::view() could not be found.
Exception Attributes: array (
  'controller' => 'PostsController',
  'action' => 'view',
)
Request URL: /cake2tutorial/cakephp-2.10.12/posts/view/1?url=posts%2Fview%2F1
Stack Trace:
#0 /Applications/MAMP/htdocs/cake2tutorial/cakephp-2.10.12/lib/Cake/Routing/Dispatcher.php(193): Controller->invokeAction(Object(CakeRequest))
#1 /Applications/MAMP/htdocs/cake2tutorial/cakephp-2.10.12/lib/Cake/Routing/Dispatcher.php(167): Dispatcher->_invoke(Object(PostsController), Object(CakeRequest))
#2 /Applications/MAMP/htdocs/cake2tutorial/cakephp-2.10.12/app/webroot/index.php(117): Dispatcher->dispatch(Object(CakeRequest), Object(CakeResponse))
#3 {main}
2018-10-04 03:37:06 Error: [MissingViewException] View file "Posts/view.ctp" is missing.
Exception Attributes: array (
  'file' => 'Posts/view.ctp',
)
Request URL: /cake2tutorial/cakephp-2.10.12/posts/view/1?url=posts%2Fview%2F1
Stack Trace:
#0 /Applications/MAMP/htdocs/cake2tutorial/cakephp-2.10.12/lib/Cake/View/View.php(470): View->_getViewFileName('Posts/view')
#1 /Applications/MAMP/htdocs/cake2tutorial/cakephp-2.10.12/lib/Cake/Controller/Controller.php(963): View->render(NULL, NULL)
#2 /Applications/MAMP/htdocs/cake2tutorial/cakephp-2.10.12/lib/Cake/Routing/Dispatcher.php(200): Controller->render()
#3 /Applications/MAMP/htdocs/cake2tutorial/cakephp-2.10.12/lib/Cake/Routing/Dispatcher.php(167): Dispatcher->_invoke(Object(PostsController), Object(CakeRequest))
#4 /Applications/MAMP/htdocs/cake2tutorial/cakephp-2.10.12/app/webroot/index.php(117): Dispatcher->dispatch(Object(CakeRequest), Object(CakeResponse))
#5 {main}
2018-10-04 03:37:11 Error: [MissingViewException] View file "Posts/view.ctp" is missing.
Exception Attributes: array (
  'file' => 'Posts/view.ctp',
)
Request URL: /cake2tutorial/cakephp-2.10.12/posts/view/1?url=posts%2Fview%2F1
Stack Trace:
#0 /Applications/MAMP/htdocs/cake2tutorial/cakephp-2.10.12/lib/Cake/View/View.php(470): View->_getViewFileName('Posts/view')
#1 /Applications/MAMP/htdocs/cake2tutorial/cakephp-2.10.12/lib/Cake/Controller/Controller.php(963): View->render(NULL, NULL)
#2 /Applications/MAMP/htdocs/cake2tutorial/cakephp-2.10.12/lib/Cake/Routing/Dispatcher.php(200): Controller->render()
#3 /Applications/MAMP/htdocs/cake2tutorial/cakephp-2.10.12/lib/Cake/Routing/Dispatcher.php(167): Dispatcher->_invoke(Object(PostsController), Object(CakeRequest))
#4 /Applications/MAMP/htdocs/cake2tutorial/cakephp-2.10.12/app/webroot/index.php(117): Dispatcher->dispatch(Object(CakeRequest), Object(CakeResponse))
#5 {main}
2018-10-04 03:42:05 Error: [MissingControllerException] Controller class PostController could not be found.
Exception Attributes: array (
  'class' => 'PostController',
  'plugin' => NULL,
)
Request URL: /cake2tutorial/cakephp-2.10.12/post?url=post
Stack Trace:
#0 /Applications/MAMP/htdocs/cake2tutorial/cakephp-2.10.12/app/webroot/index.php(117): Dispatcher->dispatch(Object(CakeRequest), Object(CakeResponse))
#1 {main}
